<?xml version="1.0" encoding="UTF-8"?>
<!-- Generated by org.testng.reporters.JUnitReportReporter -->
<testsuite hostname="ENG-LPT-1074.local" failures="0" tests="1" name="CafeZupasAutomation.CafeZupasApp.firstTest" time="16.796" errors="0" timestamp="2025-01-02T16:42:13 PKT" skipped="0">
  <testcase classname="CafeZupasAutomation.CafeZupasApp.firstTest" name="LoginTest" time="16.796"/>
  <system-out/>
</testsuite> <!-- CafeZupasAutomation.CafeZupasApp.firstTest -->
