<?xml version="1.0" encoding="UTF-8"?>
<!-- Generated by org.testng.reporters.JUnitReportReporter -->
<testsuite hostname="ENG-LPT-0979.local" failures="0" tests="1" name="CafeZupasAutomation.CafeZupasApp.SignUp" time="28.331" errors="0" timestamp="2025-01-10T14:59:49 PKT" skipped="0">
  <testcase classname="CafeZupasAutomation.CafeZupasApp.SignUp" name="SignUpTest" time="28.331"/>
  <system-out/>
</testsuite> <!-- CafeZupasAutomation.CafeZupasApp.SignUp -->
