<?xml version="1.0" encoding="UTF-8"?>
<!-- Generated by org.testng.reporters.JUnitReportReporter -->
<testsuite hostname="ENG-LPT-1074.local" failures="0" tests="1" name="CafeZupasAutomation.CafeZupasApp.SignUpFail" time="23.771" errors="0" timestamp="2025-01-09T14:47:45 PKT" skipped="0">
  <testcase classname="CafeZupasAutomation.CafeZupasApp.SignUpFail" name="SignUpFailTest" time="23.771"/>
  <system-out/>
</testsuite> <!-- CafeZupasAutomation.CafeZupasApp.SignUpFail -->
