<?xml version="1.0" encoding="UTF-8"?>
<!-- Generated by org.testng.reporters.JUnitReportReporter -->
<testsuite hostname="ENG-LPT-1074.local" failures="0" tests="1" name="CafeZupasAutomation.CafeZupasApp.SignIn" time="15.709" errors="0" timestamp="2025-01-08T19:10:28 PKT" skipped="0">
  <testcase classname="CafeZupasAutomation.CafeZupasApp.SignIn" name="LoginTest" time="15.709"/>
  <system-out/>
</testsuite> <!-- CafeZupasAutomation.CafeZupasApp.SignIn -->
