<?xml version="1.0" encoding="UTF-8"?>
<!-- Generated by org.testng.reporters.JUnitReportReporter -->
<testsuite hostname="ENG-LPT-0979.local" failures="0" tests="1" name="CafeZupasAutomation.CafeZupasApp.SignInFail" time="17.132" errors="0" timestamp="2025-01-09T15:31:51 PKT" skipped="0">
  <testcase classname="CafeZupasAutomation.CafeZupasApp.SignInFail" name="LoginTestWithWrongCreds" time="17.132"/>
  <system-out/>
</testsuite> <!-- CafeZupasAutomation.CafeZupasApp.SignInFail -->
