<?xml version="1.0" encoding="UTF-8"?>
<!-- Generated by org.testng.reporters.JUnitReportReporter -->
<testsuite hostname="ENG-LPT-0979.local" failures="0" tests="1" name="CafeZupasAutomation.CafeZupasApp.SignIn" time="18.068" errors="0" timestamp="2025-01-09T13:50:48 PKT" skipped="0">
  <testcase classname="CafeZupasAutomation.CafeZupasApp.SignIn" name="LoginTest" time="18.068"/>
  <system-out/>
</testsuite> <!-- CafeZupasAutomation.CafeZupasApp.SignIn -->
