<?xml version="1.0" encoding="UTF-8"?>
<!-- Generated by org.testng.reporters.JUnitReportReporter -->
<testsuite hostname="ENG-LPT-1074.local" failures="0" tests="2" name="Android.test.SignInTest" time="56.323" errors="0" timestamp="2025-01-13T13:07:14 PKT" skipped="0">
  <testcase classname="Android.test.SignInTest" name="testLogin" time="28.985"/>
  <system-out/>
  <testcase classname="Android.test.SignInTest" name="LoginTestWithWrongCreds" time="27.338"/>
  <system-out/>
</testsuite> <!-- Android.test.SignInTest -->
