<?xml version="1.0" encoding="UTF-8"?>
<!-- Generated by org.testng.reporters.JUnitReportReporter -->
<testsuite hostname="ENG-LPT-1074.local" failures="0" tests="2" name="Android.test.SignUpTest" time="89.501" errors="0" timestamp="2025-01-13T13:07:14 PKT" skipped="0">
  <testcase classname="Android.test.SignUpTest" name="testSignUp" time="46.527"/>
  <system-out/>
  <testcase classname="Android.test.SignUpTest" name="testSignUpFail" time="42.974"/>
  <system-out/>
</testsuite> <!-- Android.test.SignUpTest -->
