<?xml version="1.0" encoding="UTF-8"?>
<!-- Generated by org.testng.reporters.JUnitReportReporter -->
<testsuite hostname="ENG-LPT-0979.local" failures="0" tests="2" name="Android.test.SignInTest" time="60.018" errors="0" timestamp="2025-01-10T16:19:57 PKT" skipped="0">
  <testcase classname="Android.test.SignInTest" name="testLogin" time="29.544"/>
  <system-out/>
  <testcase classname="Android.test.SignInTest" name="LoginTestWithWrongCreds" time="30.474"/>
  <system-out/>
</testsuite> <!-- Android.test.SignInTest -->
