<?xml version="1.0" encoding="UTF-8"?>
<!-- Generated by org.testng.reporters.JUnitReportReporter -->
<testsuite hostname="ENG-LPT-1074.local" failures="0" tests="1" name="CafeZupasAutomation.CafeZupasApp.SignUp" time="27.078" errors="0" timestamp="2025-01-08T19:10:28 PKT" skipped="0">
  <testcase classname="CafeZupasAutomation.CafeZupasApp.SignUp" name="SignUpTest" time="27.078"/>
  <system-out/>
</testsuite> <!-- CafeZupasAutomation.CafeZupasApp.SignUp -->
