<?xml version="1.0" encoding="UTF-8"?>
<!-- Generated by org.testng.reporters.JUnitReportReporter -->
<testsuite hostname="ENG-LPT-0979.local" failures="0" tests="1" name="CafeZupasAutomation.CafeZupasApp.SignIn" time="16.127" errors="0" timestamp="2025-01-09T12:22:01 PKT" skipped="0">
  <testcase classname="CafeZupasAutomation.CafeZupasApp.SignIn" name="LoginTest" time="16.127"/>
  <system-out/>
</testsuite> <!-- CafeZupasAutomation.CafeZupasApp.SignIn -->
