<?xml version="1.0" encoding="UTF-8"?>
<!-- Generated by org.testng.reporters.JUnitReportReporter -->
<testsuite hostname="ENG-LPT-1074.local" failures="0" tests="1" name="CafeZupasAutomation.CafeZupasApp.longPress" time="0.009" errors="0" timestamp="2025-01-08T16:18:46 PKT" skipped="0">
  <testcase classname="CafeZupasAutomation.CafeZupasApp.longPress" name="LongPress" time="0.009"/>
  <system-out/>
</testsuite> <!-- CafeZupasAutomation.CafeZupasApp.longPress -->
