<?xml version="1.0" encoding="UTF-8"?>
<!-- Generated by org.testng.reporters.JUnitReportReporter -->
<testsuite hostname="ENG-LPT-1074.local" failures="0" tests="1" name="CafeZupasAutomation.CafeZupasApp.secondTest" time="14.259" errors="0" timestamp="2025-01-02T16:42:48 PKT" skipped="0">
  <testcase classname="CafeZupasAutomation.CafeZupasApp.secondTest" name="LoginTestWithWrongCreds" time="14.259"/>
  <system-out/>
</testsuite> <!-- CafeZupasAutomation.CafeZupasApp.secondTest -->
